<?xml version="1.0" encoding="UTF-8"?>
<!-- Generated by org.testng.reporters.JUnitReportReporter -->
<testsuite hostname="DESKTOP-FNNCM0Q" failures="0" tests="4" name="com.guru99.qa.pagesTest.LoginPageTest_DDT" time="16.984" errors="0" timestamp="2022-05-03T11:43:06 IST" skipped="0">
  <testcase classname="com.guru99.qa.pagesTest.LoginPageTest_DDT" name="loginPageDDT" time="4.461"/>
  <system-out/>
  <testcase classname="com.guru99.qa.pagesTest.LoginPageTest_DDT" name="loginPageDDT" time="4.392"/>
  <system-out/>
  <testcase classname="com.guru99.qa.pagesTest.LoginPageTest_DDT" name="loginPageDDT" time="3.800"/>
  <system-out/>
  <testcase classname="com.guru99.qa.pagesTest.LoginPageTest_DDT" name="loginPageDDT" time="4.331"/>
  <system-out/>
</testsuite> <!-- com.guru99.qa.pagesTest.LoginPageTest_DDT -->
