<?xml version="1.0" encoding="UTF-8"?>
<!-- Generated by org.testng.reporters.JUnitReportReporter -->
<testsuite hostname="DESKTOP-FNNCM0Q" failures="0" tests="2" name="com.guru99.qa.pagesTest.LoginPageTest" time="2.925" errors="0" timestamp="2022-05-03T10:30:17 IST" skipped="0">
  <testcase classname="com.guru99.qa.pagesTest.LoginPageTest" name="TC_001" time="0.014"/>
  <system-out/>
  <testcase classname="com.guru99.qa.pagesTest.LoginPageTest" name="TC_002" time="2.911"/>
  <system-out/>
</testsuite> <!-- com.guru99.qa.pagesTest.LoginPageTest -->
