<?xml version="1.0" encoding="UTF-8"?>
<!-- Generated by org.testng.reporters.JUnitReportReporter -->
<testsuite hostname="DESKTOP-FNNCM0Q" failures="0" tests="4" name="com.guru99.qa.pagesTest.LoginPageTest_DDT" time="20.353" errors="0" timestamp="2022-05-03T10:30:17 IST" skipped="0">
  <testcase classname="com.guru99.qa.pagesTest.LoginPageTest_DDT" name="loginPageDDT" time="4.755"/>
  <system-out/>
  <testcase classname="com.guru99.qa.pagesTest.LoginPageTest_DDT" name="loginPageDDT" time="5.192"/>
  <system-out/>
  <testcase classname="com.guru99.qa.pagesTest.LoginPageTest_DDT" name="loginPageDDT" time="4.410"/>
  <system-out/>
  <testcase classname="com.guru99.qa.pagesTest.LoginPageTest_DDT" name="loginPageDDT" time="5.996"/>
  <system-out/>
</testsuite> <!-- com.guru99.qa.pagesTest.LoginPageTest_DDT -->
